Vercel CLI 54.6.1 (Node.js 25.9.0)
WARNING! Build not running on Vercel. System environment variables will not be available.
Detected `pnpm-lock.yaml` version 9 generated by pnpm@10.x with package.json#packageManager pnpm@10.33.2
WARNING: You should not upload the `.next` directory.
Installing dependencies...
Scope: all 10 workspace projects

Done in 7.4s using pnpm v10.33.2
Detected Next.js version: 16.2.7
Running "pnpm run build"

> web@0.1.0 build /home/ariyaman/Dev/Echo-chat-clone/ephemere/apps/web
> next build

▲ Next.js 16.2.7 (Turbopack)
- Environments: .env

  Creating an optimized production build ...
✓ Compiled successfully in 14.6s
  Running TypeScript ...
  Finished TypeScript in 16.3s ...
  Collecting page data using 11 workers ...
  Generating static pages using 11 workers (0/17) ...
  Generating static pages using 11 workers (4/17) 
  Generating static pages using 11 workers (8/17) 
  Generating static pages using 11 workers (12/17) 
✓ Generating static pages using 11 workers (17/17) in 955ms
  Finalizing page optimization ...

Route (app)
┌ ○ /
├ ○ /_not-found
├ ƒ /api/auth/session
├ ○ /callback
├ ○ /cookie
├ ƒ /dashboard
├ ○ /dashboard/(..)join-room
├ ƒ /error
├ ○ /forgot-password
├ ƒ /history
├ ƒ /join-room
├ ƒ /login
├ ○ /plans
├ ○ /privacy
├ ○ /register
├ ƒ /room/[roomId]
└ ○ /terms


ƒ Proxy (Middleware)

○  (Static)   prerendered as static content
ƒ  (Dynamic)  server-rendered on demand

Traced Next.js server files in: 48.451ms
Created all serverless functions in: 348.879ms
Collected static files (public/, static/, .next/static): 8.196ms
Build Completed in .vercel/output [46s]
